yarn run v1.22.22
$ storybook build --output-dir=C:\Users\T-user\AppData\Local\Temp\chromatic--30632-975Tn38FJzN6
@storybook/core v8.3.0

info => Cleaning outputDir: ..\..\..\..\..\AppData\Local\Temp\chromatic--30632-975Tn38FJzN6
info => Loading presets
info => Building manager..
info => Manager built (316 ms)
info => Building preview..
info Addon-docs: using MDX3
info => Using implicit CSS loaders
info => Using default Webpack5 setup
info => Copying static files: public at ..\..\..\..\..\AppData\Local\Temp\chromatic--30632-975Tn38FJzN6
info Using tsconfig paths for react-docgen
WARN asset size limit: The following asset(s) exceed the recommended size limit (244 KiB).
WARN This can impact web performance.
WARN Assets: 
WARN   static/media/addon-library.7a58d2cb.png (456 KiB)
WARN   3384.587fda4f.iframe.bundle.js (1.01 MiB)
WARN   4099.1603e3db.iframe.bundle.js (1.45 MiB)
WARN entrypoint size limit: The following entrypoint(s) combined asset size exceeds the recommended limit (244 KiB). This can impact web performance.
WARN Entrypoints:
WARN   main (1.48 MiB)
WARN       runtime~main.847f5687.iframe.bundle.js
WARN       4099.1603e3db.iframe.bundle.js
WARN       main.f2183699.iframe.bundle.js
WARN 
info => Preview built (14 s)
info => Output directory: C:\Users\T-user\AppData\Local\Temp\chromatic--30632-975Tn38FJzN6
Done in 19.36s.
